<?xml version="1.0" encoding="UTF-8"?>
<testng-results ignored="0" total="1" passed="1" failed="0" skipped="0">
  <reporter-output>
  </reporter-output>
  <suite started-at="2021-01-10T11:49:59 EET" name="My Test Suite" finished-at="2021-01-10T11:50:01 EET" duration-ms="2420">
    <groups>
    </groups>
    <test started-at="2021-01-10T11:49:59 EET" name="Test1" finished-at="2021-01-10T11:50:01 EET" duration-ms="2420">
      <class name="Tests.FirstTest">
        <test-method is-config="true" signature="setParams(int)[pri:0, instance:Tests.FirstTest@1d296da]" started-at="2021-01-10T11:49:59 EET" name="setParams" finished-at="2021-01-10T11:49:59 EET" duration-ms="17" status="PASS">
          <params>
            <param index="0">
              <value>
                <![CDATA[5]]>
              </value>
            </param>
          </params>
          <reporter-output>
          </reporter-output>
        </test-method> <!-- setParams -->
        <test-method is-config="true" signature="setUp()[pri:0, instance:Tests.FirstTest@1d296da]" started-at="2021-01-10T11:49:59 EET" name="setUp" finished-at="2021-01-10T11:49:59 EET" duration-ms="32" status="PASS">
          <reporter-output>
          </reporter-output>
        </test-method> <!-- setUp -->
        <test-method signature="shuffleTheCardWithDeck_countDeck_count()[pri:0, instance:Tests.FirstTest@1d296da]" started-at="2021-01-10T11:49:59 EET" name="shuffleTheCardWithDeck_countDeck_count" finished-at="2021-01-10T11:50:01 EET" duration-ms="2343" status="PASS">
          <reporter-output>
          </reporter-output>
        </test-method> <!-- shuffleTheCardWithDeck_countDeck_count -->
      </class> <!-- Tests.FirstTest -->
    </test> <!-- Test1 -->
  </suite> <!-- My Test Suite -->
</testng-results>
